<?xml version="1.0" encoding="UTF-8"?>
<!-- Generated by org.testng.reporters.JUnitXMLReporter -->
<testsuite ignored="5" hostname="LAPTOP-GC40ON1D" failures="0" tests="1" name="Default test" time="0.042" errors="0" timestamp="2022-09-30T20:01:06 IST">
  <testcase classname="com.ipttest.Simple" name="submethod6" time="0.007"/>
  <testcase classname="com.ipttest.Simple" name="submethod1" time="0.0">
    <ignored/>
  </testcase> <!-- submethod1 -->
  <testcase classname="com.ipttest.Simple" name="submethod4" time="0.0">
    <ignored/>
  </testcase> <!-- submethod4 -->
  <testcase classname="com.ipttest.Simple" name="submethod3" time="0.0">
    <ignored/>
  </testcase> <!-- submethod3 -->
  <testcase classname="com.ipttest.Simple" name="submethod5" time="0.0">
    <ignored/>
  </testcase> <!-- submethod5 -->
  <testcase classname="com.ipttest.Simple" name="submethod2" time="0.0">
    <ignored/>
  </testcase> <!-- submethod2 -->
</testsuite> <!-- Default test -->
